<?xml version="1.0" encoding="UTF-8"?>
<testsuite xmlns:xsi="http://www.w3.org/2001/XMLSchema-instance" xsi:noNamespaceSchemaLocation="https://maven.apache.org/surefire/maven-surefire-plugin/xsd/surefire-test-report-3.0.xsd" version="3.0" name="com.sapient.dao.ClaimPostgresImplTest" time="0.978" tests="5" errors="0" skipped="0" failures="0">
  <properties>
[...]
</properties>
  <testcase name="addClaimTest" classname="com.sapient.dao.ClaimPostgresImplTest" time="0.523"/>
  <testcase name="findClaimByIdTest" classname="com.sapient.dao.ClaimPostgresImplTest" time="0.099"/>
  <testcase name="updateClaimTest" classname="com.sapient.dao.ClaimPostgresImplTest" time="0.101"/>
  <testcase name="searchClaimsTest" classname="com.sapient.dao.ClaimPostgresImplTest" time="0.132"/>
  <testcase name="deleteClaimByIdTest" classname="com.sapient.dao.ClaimPostgresImplTest" time="0.12"/>
</testsuite>